INFO-FLOW: Workspace /home/jonas/SDU/1_semester/embedded_systems/Projekts/HLSVitis/Project/Inverter/solution1 opened at Fri Nov 03 02:02:53 CET 2023
Execute     ap_set_clock -name default -period 10 -default=false 
INFO: [SYN 201-201] Setting up clock 'default' with a period of 10ns.
Execute     import_lib /home/jonas/tools/Xilinx/Vitis_HLS/2020.2/common/technology/xilinx/zynquplus/zynquplus 
Execute       source /home/jonas/tools/Xilinx/Vitis_HLS/2020.2/common/technology/xilinx/interface/xilinx_interface.hlp 
Execute         source /home/jonas/tools/Xilinx/Vitis_HLS/2020.2/common/technology/xilinx/interface/maxi.hlp 
Execute         source /home/jonas/tools/Xilinx/Vitis_HLS/2020.2/common/technology/xilinx/interface/saxilite.hlp 
Execute       source /home/jonas/tools/Xilinx/Vitis_HLS/2020.2/common/technology/xilinx/DSP48/dsp48.hlp 
Execute     source /home/jonas/tools/Xilinx/Vitis_HLS/2020.2/common/technology/xilinx/common/xilinx.gen 
Execute       source /home/jonas/tools/Xilinx/Vitis_HLS/2020.2/common/technology/xilinx/interface/plb46.gen 
Execute       source /home/jonas/tools/Xilinx/Vitis_HLS/2020.2/common/technology/xilinx/interface/axi4.gen 
Execute       source /home/jonas/tools/Xilinx/Vitis_HLS/2020.2/common/technology/xilinx/interface/nativeAXI4.gen 
Execute         source /home/jonas/tools/Xilinx/Vitis_HLS/2020.2/common/technology/xilinx/interface/saxilite.gen 
Execute         source /home/jonas/tools/Xilinx/Vitis_HLS/2020.2/common/technology/xilinx/interface/maxi.gen 
Execute       source /home/jonas/tools/Xilinx/Vitis_HLS/2020.2/common/technology/xilinx/scripts/xilinxcoregen.gen 
Execute       source /home/jonas/tools/Xilinx/Vitis_HLS/2020.2/common/technology/xilinx/interface/XilEDKCoreGen.gen 
Execute       source /home/jonas/tools/Xilinx/Vitis_HLS/2020.2/common/technology/xilinx/ip/dds_compiler.gen 
Execute       source /home/jonas/tools/Xilinx/Vitis_HLS/2020.2/common/technology/xilinx/ip/util.gen 
Execute       source /home/jonas/tools/Xilinx/Vitis_HLS/2020.2/common/technology/xilinx/ip/xfft.gen 
Command       ap_source done; 0.27 sec.
Execute       source /home/jonas/tools/Xilinx/Vitis_HLS/2020.2/common/technology/xilinx/ip/xfir.gen 
Execute       source /home/jonas/tools/Xilinx/Vitis_HLS/2020.2/common/technology/xilinx/DSP48/dsp48.gen 
Command     ap_source done; 0.35 sec.
Execute     import_lib /home/jonas/tools/Xilinx/Vitis_HLS/2020.2/common/technology/xilinx/zynquplus/zynquplus_fpv7 
Execute       source /home/jonas/tools/Xilinx/Vitis_HLS/2020.2/common/technology/xilinx/interface/xilinx_interface.hlp 
Execute         source /home/jonas/tools/Xilinx/Vitis_HLS/2020.2/common/technology/xilinx/interface/maxi.hlp 
Execute         source /home/jonas/tools/Xilinx/Vitis_HLS/2020.2/common/technology/xilinx/interface/saxilite.hlp 
Execute       source /home/jonas/tools/Xilinx/Vitis_HLS/2020.2/common/technology/xilinx/DSP48/dsp48.hlp 
Execute     source /home/jonas/tools/Xilinx/Vitis_HLS/2020.2/common/technology/xilinx/common/xilinx.gen 
Execute       source /home/jonas/tools/Xilinx/Vitis_HLS/2020.2/common/technology/xilinx/interface/plb46.gen 
Execute       source /home/jonas/tools/Xilinx/Vitis_HLS/2020.2/common/technology/xilinx/interface/axi4.gen 
Execute       source /home/jonas/tools/Xilinx/Vitis_HLS/2020.2/common/technology/xilinx/interface/nativeAXI4.gen 
Execute         source /home/jonas/tools/Xilinx/Vitis_HLS/2020.2/common/technology/xilinx/interface/saxilite.gen 
Execute         source /home/jonas/tools/Xilinx/Vitis_HLS/2020.2/common/technology/xilinx/interface/maxi.gen 
Execute       source /home/jonas/tools/Xilinx/Vitis_HLS/2020.2/common/technology/xilinx/scripts/xilinxcoregen.gen 
Execute       source /home/jonas/tools/Xilinx/Vitis_HLS/2020.2/common/technology/xilinx/interface/XilEDKCoreGen.gen 
Execute       source /home/jonas/tools/Xilinx/Vitis_HLS/2020.2/common/technology/xilinx/ip/dds_compiler.gen 
Execute       source /home/jonas/tools/Xilinx/Vitis_HLS/2020.2/common/technology/xilinx/ip/util.gen 
Execute       source /home/jonas/tools/Xilinx/Vitis_HLS/2020.2/common/technology/xilinx/ip/xfft.gen 
Command       ap_source done; 0.19 sec.
Execute       source /home/jonas/tools/Xilinx/Vitis_HLS/2020.2/common/technology/xilinx/ip/xfir.gen 
Execute       source /home/jonas/tools/Xilinx/Vitis_HLS/2020.2/common/technology/xilinx/DSP48/dsp48.gen 
Command     ap_source done; 0.26 sec.
Execute     import_lib /home/jonas/tools/Xilinx/Vitis_HLS/2020.2/common/technology/xilinx/zynquplus/zynquplus 
Execute       source /home/jonas/tools/Xilinx/Vitis_HLS/2020.2/common/technology/xilinx/interface/xilinx_interface.hlp 
Execute         source /home/jonas/tools/Xilinx/Vitis_HLS/2020.2/common/technology/xilinx/interface/maxi.hlp 
Execute         source /home/jonas/tools/Xilinx/Vitis_HLS/2020.2/common/technology/xilinx/interface/saxilite.hlp 
Execute       source /home/jonas/tools/Xilinx/Vitis_HLS/2020.2/common/technology/xilinx/DSP48/dsp48.hlp 
Execute     source /home/jonas/tools/Xilinx/Vitis_HLS/2020.2/common/technology/xilinx/common/xilinx.gen 
Execute       source /home/jonas/tools/Xilinx/Vitis_HLS/2020.2/common/technology/xilinx/interface/plb46.gen 
Execute       source /home/jonas/tools/Xilinx/Vitis_HLS/2020.2/common/technology/xilinx/interface/axi4.gen 
Execute       source /home/jonas/tools/Xilinx/Vitis_HLS/2020.2/common/technology/xilinx/interface/nativeAXI4.gen 
Execute         source /home/jonas/tools/Xilinx/Vitis_HLS/2020.2/common/technology/xilinx/interface/saxilite.gen 
Execute         source /home/jonas/tools/Xilinx/Vitis_HLS/2020.2/common/technology/xilinx/interface/maxi.gen 
Execute       source /home/jonas/tools/Xilinx/Vitis_HLS/2020.2/common/technology/xilinx/scripts/xilinxcoregen.gen 
Execute       source /home/jonas/tools/Xilinx/Vitis_HLS/2020.2/common/technology/xilinx/interface/XilEDKCoreGen.gen 
Execute       source /home/jonas/tools/Xilinx/Vitis_HLS/2020.2/common/technology/xilinx/ip/dds_compiler.gen 
Execute       source /home/jonas/tools/Xilinx/Vitis_HLS/2020.2/common/technology/xilinx/ip/util.gen 
Execute       source /home/jonas/tools/Xilinx/Vitis_HLS/2020.2/common/technology/xilinx/ip/xfft.gen 
Command       ap_source done; 0.17 sec.
Execute       source /home/jonas/tools/Xilinx/Vitis_HLS/2020.2/common/technology/xilinx/ip/xfir.gen 
Execute       source /home/jonas/tools/Xilinx/Vitis_HLS/2020.2/common/technology/xilinx/DSP48/dsp48.gen 
Command     ap_source done; 0.25 sec.
Execute     set_part xczu3eg-sbva484-1-e 
INFO-FLOW: DBG:set_part: XILINX_VIVADO=/home/jonas/tools/Xilinx/Vivado/2020.2
INFO-FLOW: DBG:set_part: RDI_DATADIR=/home/jonas/tools/Xilinx/Vivado/2020.2/data:/home/jonas/tools/Xilinx/Vitis_HLS/2020.2/data
Execute       ap_part_info -name xczu3eg-sbva484-1-e -data single -quiet 
DBG:HLSDevice: Trying to load device library: /home/jonas/tools/Xilinx/Vitis_HLS/2020.2/lib/lnx64.o/librdi_hlsvwrap.so
DBG:HLSDevice: first parts/arch.xml in RDI_DATADIR: /home/jonas/tools/Xilinx/Vivado/2020.2/data/parts/arch.xml
Command       ap_part_info done; 4.18 sec.
Execute       ap_part_info -name xczu3eg-sbva484-1-e -data info 
Execute       add_library xilinx/zynquplus/zynquplus:xczu3eg:-sbva484:-1-e 
Execute         get_default_platform 
Execute         open_platform DefaultPlatform 
Execute         ap_part_info -data single -name xczu3eg-sbva484-1-e 
Execute         ap_part_info -name xczu3eg-sbva484-1-e -data resources 
Execute         config_chip_info -resource {SLICE 8820} {LUT 70560} {FF 141120} {DSP 360} {BRAM 432} {URAM 0} 
Execute         ap_part_info -name xczu3eg-sbva484-1-e -data info 
Execute         config_chip_info -speed slow 
Execute         ap_part_info -name xczu3eg-sbva484-1-e -data info 
Execute         config_library_info -library zynquplus_slow 
Execute         config_library_info -family zynquplus 
Execute         config_library_info -part xczu3eg:-sbva484:-1-e 
Execute         import_lib /home/jonas/tools/Xilinx/Vitis_HLS/2020.2/common/technology/xilinx/zynquplus/zynquplus 
Execute           source /home/jonas/tools/Xilinx/Vitis_HLS/2020.2/common/technology/xilinx/interface/xilinx_interface.hlp 
Execute             source /home/jonas/tools/Xilinx/Vitis_HLS/2020.2/common/technology/xilinx/interface/maxi.hlp 
Execute             source /home/jonas/tools/Xilinx/Vitis_HLS/2020.2/common/technology/xilinx/interface/saxilite.hlp 
Execute           source /home/jonas/tools/Xilinx/Vitis_HLS/2020.2/common/technology/xilinx/DSP48/dsp48.hlp 
Execute           source /home/jonas/tools/Xilinx/Vitis_HLS/2020.2/common/technology/xilinx/DSP48/zynquplus_dsp48e2.hlp 
Execute         source /home/jonas/tools/Xilinx/Vitis_HLS/2020.2/common/technology/xilinx/common/xilinx.gen 
Execute           source /home/jonas/tools/Xilinx/Vitis_HLS/2020.2/common/technology/xilinx/interface/plb46.gen 
Execute           source /home/jonas/tools/Xilinx/Vitis_HLS/2020.2/common/technology/xilinx/interface/axi4.gen 
Execute           source /home/jonas/tools/Xilinx/Vitis_HLS/2020.2/common/technology/xilinx/interface/nativeAXI4.gen 
Execute             source /home/jonas/tools/Xilinx/Vitis_HLS/2020.2/common/technology/xilinx/interface/saxilite.gen 
Execute             source /home/jonas/tools/Xilinx/Vitis_HLS/2020.2/common/technology/xilinx/interface/maxi.gen 
Execute           source /home/jonas/tools/Xilinx/Vitis_HLS/2020.2/common/technology/xilinx/scripts/xilinxcoregen.gen 
Execute           source /home/jonas/tools/Xilinx/Vitis_HLS/2020.2/common/technology/xilinx/interface/XilEDKCoreGen.gen 
Execute           source /home/jonas/tools/Xilinx/Vitis_HLS/2020.2/common/technology/xilinx/ip/dds_compiler.gen 
Execute           source /home/jonas/tools/Xilinx/Vitis_HLS/2020.2/common/technology/xilinx/ip/util.gen 
Execute           source /home/jonas/tools/Xilinx/Vitis_HLS/2020.2/common/technology/xilinx/ip/xfft.gen 
Command           ap_source done; 0.2 sec.
Execute           source /home/jonas/tools/Xilinx/Vitis_HLS/2020.2/common/technology/xilinx/ip/xfir.gen 
Execute           source /home/jonas/tools/Xilinx/Vitis_HLS/2020.2/common/technology/xilinx/DSP48/dsp48.gen 
Command         ap_source done; 0.28 sec.
Command       add_library done; 0.48 sec.
INFO: [HLS 200-10] Setting target device to 'xczu3eg-sbva484-1-e'
Execute       ap_part_info -name xczu3eg-sbva484-1-e -data info 
Execute       config_compile -quiet -complex-mul-dsp=0 
Command     set_part done; 4.77 sec.
Execute     ap_part_info -data single -name xczu3eg-sbva484-1-e 
Execute     ap_part_info -name xczu3eg-sbva484-1-e -data resources 
Execute     config_chip_info -resource {SLICE 8820} {LUT 70560} {FF 141120} {DSP 360} {BRAM 432} {URAM 0} 
Execute     ap_part_info -name xczu3eg-sbva484-1-e -data info 
Execute     config_chip_info -speed slow 
Execute     send_msg_by_id INFO @200-1505@%s%s  vivado 
INFO: [HLS 200-1505] Using flow_target 'vivado'
Execute     get_config_interface -m_axi_latency 
Execute     get_config_interface -m_axi_alignment_byte_size 
Execute     get_config_interface -m_axi_max_widen_bitwidth 
Execute     get_config_interface -default_interface 
Execute     get_config_interface -m_axi_offset 
Execute     get_config_rtl -register_reset_num 
Execute     send_msg_by_id INFO @200-1464@%s config_export -format=ip_catalog 
INFO: [HLS 200-1464] Running solution command: config_export -format=ip_catalog
Execute     config_export -format=ip_catalog 
Execute     send_msg_by_id INFO @200-1464@%s config_export -output=/home/jonas/SDU/1_semester/embedded_systems/Projekts/HLSVitis/Project/inverter.zip 
INFO: [HLS 200-1464] Running solution command: config_export -output=/home/jonas/SDU/1_semester/embedded_systems/Projekts/HLSVitis/Project/inverter.zip
Execute     config_export -output=/home/jonas/SDU/1_semester/embedded_systems/Projekts/HLSVitis/Project/inverter.zip 
Execute     send_msg_by_id INFO @200-1464@%s config_export -rtl=vhdl 
INFO: [HLS 200-1464] Running solution command: config_export -rtl=vhdl
Execute     config_export -rtl=vhdl 
Command   open_solution done; 5.76 sec.
Execute   set_part xczu3eg-sbva484-1-e 
INFO: [HLS 200-1510] Running: set_part xczu3eg-sbva484-1-e 
INFO-FLOW: DBG:set_part: XILINX_VIVADO=/home/jonas/tools/Xilinx/Vivado/2020.2
INFO-FLOW: DBG:set_part: RDI_DATADIR=/home/jonas/tools/Xilinx/Vivado/2020.2/data:/home/jonas/tools/Xilinx/Vitis_HLS/2020.2/data
Execute     ap_part_info -name xczu3eg-sbva484-1-e -data single -quiet 
Execute     ap_part_info -name xczu3eg-sbva484-1-e -data info 
Execute     add_library xilinx/zynquplus/zynquplus:xczu3eg:-sbva484:-1-e 
Execute       get_default_platform 
Execute       open_platform DefaultPlatform 
Execute       ap_part_info -data single -name xczu3eg-sbva484-1-e 
Execute       ap_part_info -name xczu3eg-sbva484-1-e -data resources 
Execute       config_chip_info -resource {SLICE 8820} {LUT 70560} {FF 141120} {DSP 360} {BRAM 432} {URAM 0} 
Execute       ap_part_info -name xczu3eg-sbva484-1-e -data info 
Execute       config_chip_info -speed slow 
Execute       ap_part_info -name xczu3eg-sbva484-1-e -data info 
Execute       config_library_info -library zynquplus_slow 
Execute       config_library_info -family zynquplus 
Execute       config_library_info -part xczu3eg:-sbva484:-1-e 
Execute       import_lib /home/jonas/tools/Xilinx/Vitis_HLS/2020.2/common/technology/xilinx/zynquplus/zynquplus 
Execute         source /home/jonas/tools/Xilinx/Vitis_HLS/2020.2/common/technology/xilinx/interface/xilinx_interface.hlp 
Execute           source /home/jonas/tools/Xilinx/Vitis_HLS/2020.2/common/technology/xilinx/interface/maxi.hlp 
Execute           source /home/jonas/tools/Xilinx/Vitis_HLS/2020.2/common/technology/xilinx/interface/saxilite.hlp 
Execute         source /home/jonas/tools/Xilinx/Vitis_HLS/2020.2/common/technology/xilinx/DSP48/dsp48.hlp 
Execute         source /home/jonas/tools/Xilinx/Vitis_HLS/2020.2/common/technology/xilinx/DSP48/zynquplus_dsp48e2.hlp 
Execute       source /home/jonas/tools/Xilinx/Vitis_HLS/2020.2/common/technology/xilinx/common/xilinx.gen 
Execute         source /home/jonas/tools/Xilinx/Vitis_HLS/2020.2/common/technology/xilinx/interface/plb46.gen 
Execute         source /home/jonas/tools/Xilinx/Vitis_HLS/2020.2/common/technology/xilinx/interface/axi4.gen 
Execute         source /home/jonas/tools/Xilinx/Vitis_HLS/2020.2/common/technology/xilinx/interface/nativeAXI4.gen 
Execute           source /home/jonas/tools/Xilinx/Vitis_HLS/2020.2/common/technology/xilinx/interface/saxilite.gen 
Execute           source /home/jonas/tools/Xilinx/Vitis_HLS/2020.2/common/technology/xilinx/interface/maxi.gen 
Execute         source /home/jonas/tools/Xilinx/Vitis_HLS/2020.2/common/technology/xilinx/scripts/xilinxcoregen.gen 
Execute         source /home/jonas/tools/Xilinx/Vitis_HLS/2020.2/common/technology/xilinx/interface/XilEDKCoreGen.gen 
Execute         source /home/jonas/tools/Xilinx/Vitis_HLS/2020.2/common/technology/xilinx/ip/dds_compiler.gen 
Execute         source /home/jonas/tools/Xilinx/Vitis_HLS/2020.2/common/technology/xilinx/ip/util.gen 
Execute         source /home/jonas/tools/Xilinx/Vitis_HLS/2020.2/common/technology/xilinx/ip/xfft.gen 
Command         ap_source done; 0.18 sec.
Execute         source /home/jonas/tools/Xilinx/Vitis_HLS/2020.2/common/technology/xilinx/ip/xfir.gen 
Execute         source /home/jonas/tools/Xilinx/Vitis_HLS/2020.2/common/technology/xilinx/DSP48/dsp48.gen 
Command       ap_source done; 0.26 sec.
Command     add_library done; 0.4 sec.
Execute     ap_part_info -name xczu3eg-sbva484-1-e -data info 
Execute     config_compile -quiet -complex-mul-dsp=0 
Command   set_part done; 0.55 sec.
Execute   create_clock -period 10 -name default 
INFO: [HLS 200-1510] Running: create_clock -period 10 -name default 
Execute   config_export -format ip_catalog -output /home/jonas/SDU/1_semester/embedded_systems/Projekts/HLSVitis/Project/inverter.zip -rtl vhdl 
INFO: [HLS 200-1510] Running: config_export -format ip_catalog -output /home/jonas/SDU/1_semester/embedded_systems/Projekts/HLSVitis/Project/inverter.zip -rtl vhdl 
Execute   source ./Inverter/solution1/directives.tcl 
Execute     set_directive_top -name inverter inverter 
INFO: [HLS 200-1510] Running: set_directive_top -name inverter inverter 
INFO-FLOW: Setting directive 'TOP' name=inverter 
Execute   csynth_design 
INFO: [HLS 200-1510] Running: csynth_design 
Execute     get_config_compile -effort 
Execute     get_config_compile -enable_clang39 
Execute     get_config_compile -g 
Execute     get_config_compile -ng 
Execute     get_config_compile -opt_fp 
Execute     get_config_compile -skip_cdt 
Execute     get_config_compile -skip_syncheck 
Execute     get_config_compile -skip_transform 
Execute     get_config_compile -keep_printf 
Execute     elaborate -effort=medium -skip_syncheck=0 -keep_printf=0 -skip_cdt=0 -skip_transform=0 -ng=0 -g=0 -opt_fp=0 -from_csynth_design=1 
INFO: [HLS 200-111] Finished File checks and directory preparation: CPU user time: 0.01 seconds. CPU system time: 0 seconds. Elapsed time: 0.02 seconds; current allocated memory: 191.694 MB.
INFO: [HLS 200-10] Analyzing design file '../inverter_hls.cpp' ... 
INFO-FLOW: Compiling one TU...
Execute       get_config_compile -pragma_strict_mode 
INFO-FLOW: Handling ../inverter_hls.cpp as C++
Execute       ap_part_info -name xczu3eg-sbva484-1-e -data info 
INFO-FLOW: Running: GCC PP 39
INFO-FLOW: Source preprocessing
Execute       ap_eval exec -ignorestderr /home/jonas/tools/Xilinx/Vitis_HLS/2020.2/lnx64/tools/clang-3.9-csynth/bin/clang ../inverter_hls.cpp -foptimization-record-file=/home/jonas/SDU/1_semester/embedded_systems/Projekts/HLSVitis/Project/Inverter/solution1/.autopilot/db/clang.inverter_hls.cpp.diag.yml -mllvm -pass-remarks-missed=reflow|pasta|unroll -mllvm -pass-remarks=reflow|pasta|unroll|inline -fno-limit-debug-info -gcc-toolchain /home/jonas/tools/Xilinx/Vitis_HLS/2020.2/tps/lnx64/gcc-6.2.0 -fhls -fno-exceptions -E -fno-math-errno -c -emit-llvm -mllvm -disable-llvm-optzns -Werror=implicit-function-declaration -Werror=implicit-hls-streams -Werror=return-type -Wpragmas -Wunused-parameter -fno-threadsafe-statics -fno-use-cxa-atexit -std=gnu++14 -target fpga64-xilinx-linux-gnu -fno-threadsafe-statics -fno-use-cxa-atexit -I /home/jonas/tools/Xilinx/Vitis_HLS/2020.2/common/technology/autopilot/39 -D__VITIS_HLS__ -DAESL_SYN -D__SYNTHESIS__ -D__HLS_SYN__ -I /home/jonas/tools/Xilinx/Vitis_HLS/2020.2/common/technology/autopilot -I /home/jonas/tools/Xilinx/Vitis_HLS/2020.2/common/technology/autopilot/ap_sysc -include etc/autopilot_ssdm_op.h -D__DSP48E2__ -o /home/jonas/SDU/1_semester/embedded_systems/Projekts/HLSVitis/Project/Inverter/solution1/.autopilot/db/inverter_hls.pp.0.cpp > /home/jonas/SDU/1_semester/embedded_systems/Projekts/HLSVitis/Project/Inverter/solution1/.autopilot/db/clang.inverter_hls.cpp.out.log 2> /home/jonas/SDU/1_semester/embedded_systems/Projekts/HLSVitis/Project/Inverter/solution1/.autopilot/db/clang.inverter_hls.cpp.err.log 
INFO-FLOW: Done: GCC PP 39 time: 0.1 seconds per iteration
Execute       set_directive_top inverter -name=inverter 
INFO-FLOW: Setting directive 'TOP' name=inverter 
INFO-FLOW: Setting directive 'TOP' name=inverter 
INFO-FLOW: Setting directive 'TOP' name=inverter 
INFO-FLOW: Setting directive 'TOP' name=inverter 
Execute       source /home/jonas/tools/Xilinx/Vitis_HLS/2020.2/tps/tcl/tcllib1.11.1/yaml/huddle.tcl 
Execute       source /home/jonas/tools/Xilinx/Vitis_HLS/2020.2/tps/tcl/tcllib1.11.1/yaml/json2huddle.tcl 
Execute         source /home/jonas/tools/Xilinx/Vitis_HLS/2020.2/tps/tcl/tcllib1.11.1/try/try.tcl 
INFO-FLOW: Setting directive 'TOP' name=inverter 
INFO-FLOW: Setting directive 'TOP' name=inverter 
Execute       list_core -type functional_unit 
Execute       clang_tidy xilinx-systemc-detector /home/jonas/SDU/1_semester/embedded_systems/Projekts/HLSVitis/Project/Inverter/solution1/.autopilot/db/inverter_hls.pp.0.cpp std=gnu++14 -target fpga  -directive=/home/jonas/SDU/1_semester/embedded_systems/Projekts/HLSVitis/Project/Inverter/solution1/.autopilot/db/.systemc_flag 
INFO-FLOW: exec /home/jonas/tools/Xilinx/Vitis_HLS/2020.2/lnx64/tools/clang-3.9-csynth/bin/clang-tidy -header-filter=.* --checks=-*,xilinx-systemc-detector -import-directive=/home/jonas/SDU/1_semester/embedded_systems/Projekts/HLSVitis/Project/Inverter/solution1/.autopilot/db/.systemc_flag -fix-errors /home/jonas/SDU/1_semester/embedded_systems/Projekts/HLSVitis/Project/Inverter/solution1/.autopilot/db/inverter_hls.pp.0.cpp -- -std=gnu++14 -target fpga -fhls -ferror-limit=0
INFO-FLOW: Running: clang-tidy CDT preprocess 39
Execute       clang_tidy xilinx-directive2pragma /home/jonas/SDU/1_semester/embedded_systems/Projekts/HLSVitis/Project/Inverter/solution1/.autopilot/db/inverter_hls.pp.0.cpp std=gnu++14 -target fpga  -directive=/home/jonas/SDU/1_semester/embedded_systems/Projekts/HLSVitis/Project/Inverter/solution1/.autopilot/db/all.directive.json 
INFO-FLOW: exec /home/jonas/tools/Xilinx/Vitis_HLS/2020.2/lnx64/tools/clang-3.9-csynth/bin/clang-tidy -header-filter=.* --checks=-*,xilinx-directive2pragma -import-directive=/home/jonas/SDU/1_semester/embedded_systems/Projekts/HLSVitis/Project/Inverter/solution1/.autopilot/db/all.directive.json -fix-errors /home/jonas/SDU/1_semester/embedded_systems/Projekts/HLSVitis/Project/Inverter/solution1/.autopilot/db/inverter_hls.pp.0.cpp -- -std=gnu++14 -target fpga -fhls -ferror-limit=0
Execute       clang_tidy xilinx-constantarray-param,xilinx-remove-assert /home/jonas/SDU/1_semester/embedded_systems/Projekts/HLSVitis/Project/Inverter/solution1/.autopilot/db/inverter_hls.pp.0.cpp std=gnu++14 -target fpga  
INFO-FLOW: exec /home/jonas/tools/Xilinx/Vitis_HLS/2020.2/lnx64/tools/clang-3.9-csynth/bin/clang-tidy -header-filter=.* --checks=-*,xilinx-constantarray-param,xilinx-remove-assert -fix-errors /home/jonas/SDU/1_semester/embedded_systems/Projekts/HLSVitis/Project/Inverter/solution1/.autopilot/db/inverter_hls.pp.0.cpp -- -std=gnu++14 -target fpga -fhls -ferror-limit=0
INFO-FLOW: Done: clang-tidy CDT preprocess 39 time: 0.1 seconds per iteration
INFO-FLOW: Calling xilinx-label-all-loops ... 
Execute       clang_tidy -errorcheck xilinx-label-all-loops,xilinx-top-parameters,xilinx-array-stream-check,xilinx-warn-mayneed-no-ctor-attribute /home/jonas/SDU/1_semester/embedded_systems/Projekts/HLSVitis/Project/Inverter/solution1/.autopilot/db/inverter_hls.pp.0.cpp std=gnu++14 -target fpga  
Execute         ap_eval exec -ignorestderr /home/jonas/tools/Xilinx/Vitis_HLS/2020.2/lnx64/tools/clang-3.9-csynth/bin/clang-tidy -export-fixes=/home/jonas/SDU/1_semester/embedded_systems/Projekts/HLSVitis/Project/Inverter/solution1/.autopilot/db/clang-tidy.inverter_hls.pp.0.cpp.diag.yml -header-filter=.* --checks=-*,xilinx-label-all-loops,xilinx-top-parameters,xilinx-array-stream-check,xilinx-warn-mayneed-no-ctor-attribute -fix-errors /home/jonas/SDU/1_semester/embedded_systems/Projekts/HLSVitis/Project/Inverter/solution1/.autopilot/db/inverter_hls.pp.0.cpp -- -std=gnu++14 -target fpga -fhls -ferror-limit=0 > /home/jonas/SDU/1_semester/embedded_systems/Projekts/HLSVitis/Project/Inverter/solution1/.autopilot/db/clang-tidy.inverter_hls.pp.0.cpp.out.log 2> /home/jonas/SDU/1_semester/embedded_systems/Projekts/HLSVitis/Project/Inverter/solution1/.autopilot/db/clang-tidy.inverter_hls.pp.0.cpp.err.log 
Execute         source /home/jonas/tools/Xilinx/Vitis_HLS/2020.2/tps/tcl/tcllib1.11.1/yaml/yaml.tcl 
Execute           source /home/jonas/tools/Xilinx/Vitis_HLS/2020.2/tps/tcl/tcllib1.11.1/cmdline/cmdline.tcl 
Execute       get_config_dataflow -strict_mode 
Execute       ap_eval exec -ignorestderr /home/jonas/tools/Xilinx/Vitis_HLS/2020.2/lnx64/tools/clang-3.9-csynth/bin/xilinx-dataflow-lawyer -export-fixes=/home/jonas/SDU/1_semester/embedded_systems/Projekts/HLSVitis/Project/Inverter/solution1/.autopilot/db/xilinx-dataflow-lawyer.inverter_hls.pp.0.cpp.diag.yml /home/jonas/SDU/1_semester/embedded_systems/Projekts/HLSVitis/Project/Inverter/solution1/.autopilot/db/inverter_hls.pp.0.cpp -- -std=gnu++14 -target fpga -fhls -ferror-limit=0 -fstrict-dataflow > /home/jonas/SDU/1_semester/embedded_systems/Projekts/HLSVitis/Project/Inverter/solution1/.autopilot/db/xilinx-dataflow-lawyer.inverter_hls.pp.0.cpp.out.log 2> /home/jonas/SDU/1_semester/embedded_systems/Projekts/HLSVitis/Project/Inverter/solution1/.autopilot/db/xilinx-dataflow-lawyer.inverter_hls.pp.0.cpp.err.log 
Execute       ap_part_info -name xczu3eg-sbva484-1-e -data info 
INFO-FLOW: compiling source code to llvm bc
Execute       ap_eval exec -ignorestderr /home/jonas/tools/Xilinx/Vitis_HLS/2020.2/lnx64/tools/clang-3.9-csynth/bin/clang -foptimization-record-file=/home/jonas/SDU/1_semester/embedded_systems/Projekts/HLSVitis/Project/Inverter/solution1/.autopilot/db/clang.inverter_hls.pp.0.cpp.diag.yml -mllvm -pass-remarks-missed=reflow|pasta|unroll -mllvm -pass-remarks=reflow|pasta|unroll|inline -fno-limit-debug-info -fhls -flto -fno-exceptions -Wno-error=c++11-narrowing /home/jonas/SDU/1_semester/embedded_systems/Projekts/HLSVitis/Project/Inverter/solution1/.autopilot/db/inverter_hls.pp.0.cpp -fno-math-errno -c -emit-llvm -mllvm -disable-llvm-optzns -Werror=implicit-function-declaration -Werror=implicit-hls-streams -Werror=return-type -Wpragmas -Wunused-parameter -fno-threadsafe-statics -fno-use-cxa-atexit -std=gnu++14 -target fpga64-xilinx-linux-gnu -D__VITIS_HLS__ -DAESL_SYN -D__SYNTHESIS__ -D__HLS_SYN__ -I /home/jonas/tools/Xilinx/Vitis_HLS/2020.2/common/technology/autopilot -I /home/jonas/tools/Xilinx/Vitis_HLS/2020.2/common/technology/autopilot/ap_sysc -include etc/autopilot_ssdm_op.h -D__DSP48E2__ -g -o /home/jonas/SDU/1_semester/embedded_systems/Projekts/HLSVitis/Project/Inverter/solution1/.autopilot/db/inverter_hls.bc > /home/jonas/SDU/1_semester/embedded_systems/Projekts/HLSVitis/Project/Inverter/solution1/.autopilot/db/clang.inverter_hls.pp.0.cpp.out.log 2> /home/jonas/SDU/1_semester/embedded_systems/Projekts/HLSVitis/Project/Inverter/solution1/.autopilot/db/clang.inverter_hls.pp.0.cpp.err.log 
INFO: [HLS 200-111] Finished Source Code Analysis and Preprocessing: CPU user time: 0.28 seconds. CPU system time: 0.24 seconds. Elapsed time: 0.53 seconds; current allocated memory: 192.906 MB.
INFO-FLOW: Linking Debug ...
INFO-FLOW: Linking dut bc code.
Execute       run_link_or_opt -out /home/jonas/SDU/1_semester/embedded_systems/Projekts/HLSVitis/Project/Inverter/solution1/.autopilot/db/a.g.ld.0.bc -args  "/home/jonas/SDU/1_semester/embedded_systems/Projekts/HLSVitis/Project/Inverter/solution1/.autopilot/db/inverter_hls.g.bc"  
Execute         ap_eval exec -ignorestderr /home/jonas/tools/Xilinx/Vitis_HLS/2020.2/lnx64/tools/clang-3.9-csynth/bin/llvm-link /home/jonas/SDU/1_semester/embedded_systems/Projekts/HLSVitis/Project/Inverter/solution1/.autopilot/db/inverter_hls.g.bc -o /home/jonas/SDU/1_semester/embedded_systems/Projekts/HLSVitis/Project/Inverter/solution1/.autopilot/db/a.g.ld.0.bc > /home/jonas/SDU/1_semester/embedded_systems/Projekts/HLSVitis/Project/Inverter/solution1/.autopilot/db/llvm-link.a.g.ld.0.bc.out.log 2> /home/jonas/SDU/1_semester/embedded_systems/Projekts/HLSVitis/Project/Inverter/solution1/.autopilot/db/llvm-link.a.g.ld.0.bc.err.log 
INFO-FLOW: 
Execute       run_link_or_opt -opt -out /home/jonas/SDU/1_semester/embedded_systems/Projekts/HLSVitis/Project/Inverter/solution1/.autopilot/db/a.g.ld.1.lower.bc -args /home/jonas/SDU/1_semester/embedded_systems/Projekts/HLSVitis/Project/Inverter/solution1/.autopilot/db/a.g.ld.0.bc -reflow-lower-math-intrinsics 
Execute         ap_eval exec -ignorestderr /home/jonas/tools/Xilinx/Vitis_HLS/2020.2/lnx64/tools/clang-3.9-csynth/bin/opt -pass-remarks-missed=reflow|pasta|unroll -pass-remarks=reflow|pasta|unroll|inline -pass-remarks-output=/home/jonas/SDU/1_semester/embedded_systems/Projekts/HLSVitis/Project/Inverter/solution1/.autopilot/db/opt.a.g.ld.1.lower.bc.diag.yml /home/jonas/SDU/1_semester/embedded_systems/Projekts/HLSVitis/Project/Inverter/solution1/.autopilot/db/a.g.ld.0.bc -reflow-lower-math-intrinsics -o /home/jonas/SDU/1_semester/embedded_systems/Projekts/HLSVitis/Project/Inverter/solution1/.autopilot/db/a.g.ld.1.lower.bc > /home/jonas/SDU/1_semester/embedded_systems/Projekts/HLSVitis/Project/Inverter/solution1/.autopilot/db/opt.a.g.ld.1.lower.bc.out.log 2> /home/jonas/SDU/1_semester/embedded_systems/Projekts/HLSVitis/Project/Inverter/solution1/.autopilot/db/opt.a.g.ld.1.lower.bc.err.log 
INFO-FLOW: 
INFO-FLOW: Linking math bc lib
Execute       run_link_or_opt -out /home/jonas/SDU/1_semester/embedded_systems/Projekts/HLSVitis/Project/Inverter/solution1/.autopilot/db/a.g.ld.2.m1.bc -args /home/jonas/SDU/1_semester/embedded_systems/Projekts/HLSVitis/Project/Inverter/solution1/.autopilot/db/a.g.ld.1.lower.bc -only-needed /home/jonas/tools/Xilinx/Vitis_HLS/2020.2/lnx64/lib/libhlsm_39.bc /home/jonas/tools/Xilinx/Vitis_HLS/2020.2/lnx64/lib/libhlsmc++_39.bc 
Execute         ap_eval exec -ignorestderr /home/jonas/tools/Xilinx/Vitis_HLS/2020.2/lnx64/tools/clang-3.9-csynth/bin/llvm-link /home/jonas/SDU/1_semester/embedded_systems/Projekts/HLSVitis/Project/Inverter/solution1/.autopilot/db/a.g.ld.1.lower.bc -only-needed /home/jonas/tools/Xilinx/Vitis_HLS/2020.2/lnx64/lib/libhlsm_39.bc /home/jonas/tools/Xilinx/Vitis_HLS/2020.2/lnx64/lib/libhlsmc++_39.bc -o /home/jonas/SDU/1_semester/embedded_systems/Projekts/HLSVitis/Project/Inverter/solution1/.autopilot/db/a.g.ld.2.m1.bc > /home/jonas/SDU/1_semester/embedded_systems/Projekts/HLSVitis/Project/Inverter/solution1/.autopilot/db/llvm-link.a.g.ld.2.m1.bc.out.log 2> /home/jonas/SDU/1_semester/embedded_systems/Projekts/HLSVitis/Project/Inverter/solution1/.autopilot/db/llvm-link.a.g.ld.2.m1.bc.err.log 
Command         ap_eval done; 6.35 sec.
INFO-FLOW: 
Command       run_link_or_opt done; 6.35 sec.
Execute       run_link_or_opt -opt -out /home/jonas/SDU/1_semester/embedded_systems/Projekts/HLSVitis/Project/Inverter/solution1/.autopilot/db/a.g.ld.3.fpc.bc -args /home/jonas/SDU/1_semester/embedded_systems/Projekts/HLSVitis/Project/Inverter/solution1/.autopilot/db/a.g.ld.2.m1.bc -reflow-globaldce -hls-top-function-name=inverter -reflow-float-conversion 
Execute         ap_eval exec -ignorestderr /home/jonas/tools/Xilinx/Vitis_HLS/2020.2/lnx64/tools/clang-3.9-csynth/bin/opt -pass-remarks-missed=reflow|pasta|unroll -pass-remarks=reflow|pasta|unroll|inline -pass-remarks-output=/home/jonas/SDU/1_semester/embedded_systems/Projekts/HLSVitis/Project/Inverter/solution1/.autopilot/db/opt.a.g.ld.3.fpc.bc.diag.yml /home/jonas/SDU/1_semester/embedded_systems/Projekts/HLSVitis/Project/Inverter/solution1/.autopilot/db/a.g.ld.2.m1.bc -reflow-globaldce -hls-top-function-name=inverter -reflow-float-conversion -o /home/jonas/SDU/1_semester/embedded_systems/Projekts/HLSVitis/Project/Inverter/solution1/.autopilot/db/a.g.ld.3.fpc.bc > /home/jonas/SDU/1_semester/embedded_systems/Projekts/HLSVitis/Project/Inverter/solution1/.autopilot/db/opt.a.g.ld.3.fpc.bc.out.log 2> /home/jonas/SDU/1_semester/embedded_systems/Projekts/HLSVitis/Project/Inverter/solution1/.autopilot/db/opt.a.g.ld.3.fpc.bc.err.log 
Command         ap_eval done; 2.06 sec.
INFO-FLOW: 
Command       run_link_or_opt done; 2.07 sec.
Execute       run_link_or_opt -out /home/jonas/SDU/1_semester/embedded_systems/Projekts/HLSVitis/Project/Inverter/solution1/.autopilot/db/a.g.ld.4.m2.bc -args /home/jonas/SDU/1_semester/embedded_systems/Projekts/HLSVitis/Project/Inverter/solution1/.autopilot/db/a.g.ld.3.fpc.bc -only-needed /home/jonas/tools/Xilinx/Vitis_HLS/2020.2/lnx64/lib/libfloatconversion_39.bc 
Execute         ap_eval exec -ignorestderr /home/jonas/tools/Xilinx/Vitis_HLS/2020.2/lnx64/tools/clang-3.9-csynth/bin/llvm-link /home/jonas/SDU/1_semester/embedded_systems/Projekts/HLSVitis/Project/Inverter/solution1/.autopilot/db/a.g.ld.3.fpc.bc -only-needed /home/jonas/tools/Xilinx/Vitis_HLS/2020.2/lnx64/lib/libfloatconversion_39.bc -o /home/jonas/SDU/1_semester/embedded_systems/Projekts/HLSVitis/Project/Inverter/solution1/.autopilot/db/a.g.ld.4.m2.bc > /home/jonas/SDU/1_semester/embedded_systems/Projekts/HLSVitis/Project/Inverter/solution1/.autopilot/db/llvm-link.a.g.ld.4.m2.bc.out.log 2> /home/jonas/SDU/1_semester/embedded_systems/Projekts/HLSVitis/Project/Inverter/solution1/.autopilot/db/llvm-link.a.g.ld.4.m2.bc.err.log 
Command         ap_eval done; 0.14 sec.
INFO-FLOW: 
Command       run_link_or_opt done; 0.14 sec.
Execute       run_link_or_opt -opt -out /home/jonas/SDU/1_semester/embedded_systems/Projekts/HLSVitis/Project/Inverter/solution1/.autopilot/db/a.g.ld.5.gdce.bc -args /home/jonas/SDU/1_semester/embedded_systems/Projekts/HLSVitis/Project/Inverter/solution1/.autopilot/db/a.g.ld.4.m2.bc -reflow-globaldce -hls-top-function-name=inverter 
Execute         ap_eval exec -ignorestderr /home/jonas/tools/Xilinx/Vitis_HLS/2020.2/lnx64/tools/clang-3.9-csynth/bin/opt -pass-remarks-missed=reflow|pasta|unroll -pass-remarks=reflow|pasta|unroll|inline -pass-remarks-output=/home/jonas/SDU/1_semester/embedded_systems/Projekts/HLSVitis/Project/Inverter/solution1/.autopilot/db/opt.a.g.ld.5.gdce.bc.diag.yml /home/jonas/SDU/1_semester/embedded_systems/Projekts/HLSVitis/Project/Inverter/solution1/.autopilot/db/a.g.ld.4.m2.bc -reflow-globaldce -hls-top-function-name=inverter -o /home/jonas/SDU/1_semester/embedded_systems/Projekts/HLSVitis/Project/Inverter/solution1/.autopilot/db/a.g.ld.5.gdce.bc > /home/jonas/SDU/1_semester/embedded_systems/Projekts/HLSVitis/Project/Inverter/solution1/.autopilot/db/opt.a.g.ld.5.gdce.bc.out.log 2> /home/jonas/SDU/1_semester/embedded_systems/Projekts/HLSVitis/Project/Inverter/solution1/.autopilot/db/opt.a.g.ld.5.gdce.bc.err.log 
INFO-FLOW: 
Execute       get_solution -flow_target 
Execute       get_config_export -xo 
Execute       get_config_export -format 
Execute       get_config_rtl -module_prefix 
Execute       get_config_interface -default_slave_interface 
Execute       get_solution -flow_target 
Execute       get_config_export -xo 
Execute       get_config_export -format 
Execute       get_config_interface -m_axi_offset 
Execute       get_config_interface -m_axi_latency 
Execute       get_config_interface -m_axi_alignment_byte_size 
Execute       get_config_interface -m_axi_min_bitwidth 
Execute       get_config_interface -m_axi_max_bitwidth 
Execute       get_config_interface -m_axi_max_widen_bitwidth 
Execute       get_config_interface -m_axi_num_read_outstanding 
Execute       get_config_interface -m_axi_num_write_outstanding 
Execute       get_config_interface -m_axi_max_read_burst_length 
Execute       get_config_interface -m_axi_max_write_burst_length 
Execute       get_config_interface -m_axi_min_bitwidth 
Execute       get_config_interface -m_axi_max_bitwidth 
Execute       get_config_interface -m_axi_latency 
Execute       get_config_interface -m_axi_min_bitwidth 
Execute       get_config_interface -m_axi_max_bitwidth 
Execute       get_config_interface -m_axi_max_widen_bitwidth 
Execute       get_config_interface -m_axi_auto_max_ports 
Execute       get_config_interface -m_axi_num_read_outstanding 
Execute       get_config_interface -m_axi_num_write_outstanding 
Execute       get_config_interface -m_axi_max_read_burst_length 
Execute       get_config_interface -m_axi_max_write_burst_length 
Execute       get_config_interface -s_axilite_data64 
Execute       get_config_interface -m_axi_alignment_byte_size 
Execute       get_config_compile -pragma_strict_mode 
Execute       get_config_compile -pipeline_style 
Execute       send_msg_by_id INFO @200-777@%s Vivado 
INFO: [HLS 200-777] Using interface defaults for 'Vivado' flow target.
Execute       is_m_axi_addr64 
INFO-FLOW: Doing LTO.
Execute       ap_eval exec -ignorestderr /home/jonas/tools/Xilinx/Vitis_HLS/2020.2/lnx64/tools/clang-3.9-csynth/bin/clang -foptimization-record-file=/home/jonas/SDU/1_semester/embedded_systems/Projekts/HLSVitis/Project/Inverter/solution1/.autopilot/db/clang.a.g.ld.0.bc.diag.yml -mllvm -pass-remarks-missed=reflow|pasta|unroll -mllvm -pass-remarks=reflow|pasta|unroll|inline -fhls -mllvm -hls-top-function-name=inverter -mllvm -hls-db-dir -mllvm /home/jonas/SDU/1_semester/embedded_systems/Projekts/HLSVitis/Project/Inverter/solution1/.autopilot/db -emit-llvm -c -target fpga64-xilinx-none -mllvm -xcl-xmlinfo=/home/jonas/SDU/1_semester/embedded_systems/Projekts/HLSVitis/Project/Inverter/solution1/.autopilot/db/kernel.internal.xml -mllvm -top-io-mapping-info=/home/jonas/SDU/1_semester/embedded_systems/Projekts/HLSVitis/Project/Inverter/solution1/.autopilot/db/top-io-fe.xml -mllvm -hls-bitcode-version=3.1 -mllvm -reflow-enable-slave-interface-default-setting=true -mllvm -gen-kernel-xml=false -mllvm -default-maxi-offset=off -mllvm -maxi-latency=0 -mllvm -hls-maxi-data-size-in-bits=8 -mllvm -hls-maxi-max-data-size-in-bits=1024 -mllvm -hls-max-widen-size-in-bits=0 -mllvm -xcl-kernel-max-mem-ports=0 -mllvm -maxi-read-trans=16 -mllvm -maxi-write-trans=16 -mllvm -maxi-read-burst-len=16 -mllvm -maxi-write-burst-len=16 -mllvm -reflow-enable-saxi-64bits=0 -mllvm -assume-maxi-align=0 -mllvm -no-unaligned-maxi-accesses -mllvm -reflow-pipeline-style-llvm-setting=0 -mllvm -disable-inlined-alloca-merging=true -x ir /home/jonas/SDU/1_semester/embedded_systems/Projekts/HLSVitis/Project/Inverter/solution1/.autopilot/db/a.g.ld.5.gdce.bc -o /home/jonas/SDU/1_semester/embedded_systems/Projekts/HLSVitis/Project/Inverter/solution1/.autopilot/db/a.g.lto.bc > /home/jonas/SDU/1_semester/embedded_systems/Projekts/HLSVitis/Project/Inverter/solution1/.autopilot/db/clang.a.g.ld.0.bc.out.log 2> /home/jonas/SDU/1_semester/embedded_systems/Projekts/HLSVitis/Project/Inverter/solution1/.autopilot/db/clang.a.g.ld.0.bc.err.log 
INFO-FLOW: DBG:CMD: copy_raw_kernel_xml ap_link_39: kernel.xml not generated: /home/jonas/SDU/1_semester/embedded_systems/Projekts/HLSVitis/Project/Inverter/solution1/.autopilot/db/kernel.internal.xml
INFO: [HLS 200-111] Finished Compiling Optimization and Transform: CPU user time: 8.26 seconds. CPU system time: 0.58 seconds. Elapsed time: 8.9 seconds; current allocated memory: 194.523 MB.
INFO: [HLS 200-111] Finished Checking Pragmas: CPU user time: 0 seconds. CPU system time: 0 seconds. Elapsed time: 0.01 seconds; current allocated memory: 194.523 MB.
Execute       opt_and_import_c a -opt_level=2 -skip_syncheck=0 -ng=0 -keep_printf=0 
Execute         cleanup_all_models 
INFO: [HLS 200-10] Starting code transformations ...
INFO-FLOW: Running Standard Transforms...
Execute         transform -hls -share-std-xform -demangle-name -inline-byval-memcpy -always-inline -promote-dbg-pointer -interface-preproc -mem2reg -scalarrepl -mem2reg -keep-read-access -instcombine -dce -promote-dbg-pointer -bitop-raise -loop-simplify -indvarspre -indvars -loop-simplify -xunroll -constprop -instcombine -simplifycfg -indvars -simplifycfg -dce -globaldce -basicaa -simplifycfg -mem2reg -globalopt -global-constprop -deadargelim -instcombine -simplifycfg -scalarrepl -instcombine -reassociate -licm -simplifycfg -loop-simplify -indvars -instcombine -simplifycfg -mem2reg -loop-simplify -indvars -instcombine -gvn -gvn -instcombine -adce -break-crit-edges -simplifycfg -loop-delete -global-array-opt -dce -dse -adce -find-syn-modules -top inverter -deadargelim -mem2reg -instcombine -dce -presyn-prepare -auto-rom-infer -interface-preproc -syn-check -check-rec-only -find-region -simplifycfg -func-extr -function-inline -globaldce -mem2reg -instcombine -dce -gvn -globaldce -adce -adse -constprop -instcombine -bit-constprop -instcombine -dce -simplifycfg -bitop-raise -simplifycfg -dce -loop-delete -reassociate -globalopt -global-privatize -mem2reg -dce -global-constprop -pointer-simplify -constprop -dce -func-inst -deadargelim -auto-shift-reg-idiom -promote-dbg-pointer -norm-name /home/jonas/SDU/1_semester/embedded_systems/Projekts/HLSVitis/Project/Inverter/solution1/.autopilot/db/a.g.0.bc -o /home/jonas/SDU/1_semester/embedded_systems/Projekts/HLSVitis/Project/Inverter/solution1/.autopilot/db/a.g.1.bc -f -phase std-opt 
INFO: [HLS 200-111] Finished Standard Transforms: CPU user time: 0.02 seconds. CPU system time: 0.01 seconds. Elapsed time: 0.02 seconds; current allocated memory: 195.637 MB.
INFO: [HLS 200-10] Checking synthesizability ...
INFO-FLOW: Checking Synthesizability 1/2..
Execute         transform -hls -syn-check -check-rec-only -disaggr -scalarrepl -norm-name -dce -mem2reg -instcombine -function-uniquify -directive-preproc -mem2reg -dse -dce -auto-rom-infer -dce -pag -array-normalize -instcombine -dce -array-seg-normalize -instcombine -dce -data-pack -instcombine -dce -inst-simplify -array-flatten -instcombine -dce -array-burst -dce -deadargelim -promote-global-argument -simplifycfg -mem2reg -globaldce -dce -deadargelim -dce -instcombine -function-inline -globaldce -dce -doublePtrSimplify -doublePtrElim -dce -doublePtrSimplify -promote-dbg-pointer -dce -scalarrepl -dse -adse -instcombine -ptrLegalization -simplifycfg -dce -instcombine -pointer-simplify -ptrArgReplace -dce -instcombine -resolve-double-ptr -disaggr -scalarrepl -norm-name -dce -mem2reg -instcombine -ptrLegalization -simplifycfg -deadargelim -instcombine -dce -inst-simplify -function-uniquify -directive-preproc -mem2reg -dse -dce -globaldce -check-dspbuiltin /home/jonas/SDU/1_semester/embedded_systems/Projekts/HLSVitis/Project/Inverter/solution1/.autopilot/db/a.g.1.bc -o /home/jonas/SDU/1_semester/embedded_systems/Projekts/HLSVitis/Project/Inverter/solution1/.autopilot/db/a.g.2.prechk.bc -f 
INFO-FLOW: Checking Synthesizability 2/2..
Execute         transform -syn-check /home/jonas/SDU/1_semester/embedded_systems/Projekts/HLSVitis/Project/Inverter/solution1/.autopilot/db/a.g.2.prechk.bc -o /home/jonas/SDU/1_semester/embedded_systems/Projekts/HLSVitis/Project/Inverter/solution1/.autopilot/db/a.g.2.bc -f -phase syn-check 
INFO: [HLS 200-111] Finished Checking Synthesizability: CPU user time: 0.05 seconds. CPU system time: 0 seconds. Elapsed time: 0.05 seconds; current allocated memory: 194.939 MB.
INFO-FLOW: Compiler optimizing ...
INFO-FLOW: Share syncheck's 1.bc for syn flow: copy /home/jonas/SDU/1_semester/embedded_systems/Projekts/HLSVitis/Project/Inverter/solution1/.autopilot/db/a.g.1.bc to /home/jonas/SDU/1_semester/embedded_systems/Projekts/HLSVitis/Project/Inverter/solution1/.autopilot/db/a.o.1.bc
INFO-FLOW: Presyn 1...
Execute         transform -hls -tmp /home/jonas/SDU/1_semester/embedded_systems/Projekts/HLSVitis/Project/Inverter/solution1/.autopilot/db -interface-port-rename -function-uniquify -directive-preproc -mem2reg -dse -dce -disaggr -scalarrepl -norm-name -deadargelim -mem2reg -instcombine -dce -simplifycfg -auto-rom-infer -dce -function-uniquify -resource-proc -clib-intrinsic-prepare -dce -func-buffer -dce -pag -array-normalize -func-legal -instcombine -gvn -constprop -dce -simplifycfg -mem2reg -globaldce -resolve-double-ptr -dce -deadargelim -dce -instcombine -ptrArgReplace -mem2reg -dce -array-seg-normalize -deadargelim -instcombine -dce -function-uniquify -directive-preproc -mem2reg -dse -dce -pointer-simplify -dce -port-alignment -dce -interface-preproc -data-pack -instcombine -dce -basicaa -aggr-aa -aggrmodref-aa -aggr-aa -gvn -gvn -basicaa -aggr-aa -aggrmodref-aa -aggr-aa -dse -adse -adce -loop-simplify -indvars -instcombine -gvn -loop-simplify -mem2reg -dce -find-region -instcombine -auto-loop-pipeline -inst-simplify -interface-preproc -cfgopt -instcombine -indvars -auto-loop-unroll -loop-simplify -loop-bound -xunroll -constprop -instcombine -simplifycfg -indvars -simplifycfg -dce -globaldce -clean-region -attach-range -gvn -inst-simplify -constprop -simplifycfg -dce -pointer-simplify -dce -globalopt -constprop -dce -array-promote -constprop -dce -ptrArgReplace -mem2reg -simplifycfg -dce -instcombine -dce -array-transform-check -array-reshape -instcombine -simplifycfg -dce -ptrArgReplace -deadargelim -mem2reg -instcombine -simplifycfg -dce -indvars -loop-simplify -loop-bound -xunroll -constprop -instcombine -simplifycfg -indvars -simplifycfg -dce -globaldce -basicaa -aggr-aa -aggrmodref-aa -aggr-aa -dse -duplicate-dataflow-processes -globaldce -instcombine -array-partition -instcombine -simplifycfg -dce -ptrArgReplace -global-constprop -deadargelim -mem2reg -func-legal -dce -global-constprop -deadargelim -mem2reg -simplifycfg -dce -merge-param -deadargelim -globalopt -constprop -dce -array-promote -constprop -dce -ptrArgReplace -mem2reg -simplifycfg -dce -mem-intrinsic-preproc -dce -global-internalize -global-privatize -mem2reg -globaldce -promote-global-argument -ptrArgReplace -mem2reg -dce -globalopt -mergereturn -simplify-global-access -mem2reg -dce -pointer-simplify -dce -functionattrs -basicaa -aggr-aa -aggrmodref-aa -aggr-aa -gvn -gvn -basicaa -aggr-aa -aggrmodref-aa -aggr-aa -dse -adse -adce -dce -norm-name -basicaa -aggr-aa -aggrmodref-aa -aggr-aa -accesses-merge -function-inline -complex-op-raise -inst-simplify -globaldce -func-inst -constprop -instcombine -simplifycfg -dce -func-legal -dce -loop-bound -arraycheck -bitwidthmin2 -bitwidthmin2 -on-by-dataflow -loop-delete -instcombine -simplifycfg -globaldce -dce -gvn -deadargelim -dce -loop-simplify -clean-region -simplifycfg -propagate-stable-arguments -loop-stream -instcombine -simplifycfg -dce -globaldce -duplicate-dataflow-processes -stream-intrinsic-preproc -dce -check-ap-stream -loop-simplify -eliminate-keepreads -extract-dataflow-in-loop -loop-simplify -dce -gvn -deadargelim -dse -check-dataflow-syntax -legalize-stream-variable -legalize-global -extract-subproc -dce -dead-channel-elimination -canonicalize-gep -globaldce -dce -gvn -hls-dead-arg-elim -deadargelim -directive-preproc -annotate-dataflow-channels -scalar-propagation -deadargelim -globaldce -mem2reg -check-dataflow-channels -function-stream -dce -globaldce -prop-fifo-spec -internal-stream-gen -canonicalize-gep -globaldce -dce -gvn -deadargelim -mergereturn -indvars -loop-simplify -instcombine -array-stream -array-seg-normalize -array-partition -func-legal -instcombine -simplifycfg -dce -bundle-memfifo-ops -deadargelim -function-uniquify -directive-preproc -mem2reg -dse -dce -group-axi-access -licm -simplifycfg -dce -loop-delete -norm-name /home/jonas/SDU/1_semester/embedded_systems/Projekts/HLSVitis/Project/Inverter/solution1/.autopilot/db/a.o.1.bc -o /home/jonas/SDU/1_semester/embedded_systems/Projekts/HLSVitis/Project/Inverter/solution1/.autopilot/db/a.o.1.tmp.bc -f 
INFO: [XFORM 203-510] Pipelining loop 'VITIS_LOOP_14_1' (../inverter_hls.cpp:14) in function 'inverter' automatically.
Command         transform done; 0.15 sec.
INFO-FLOW: Presyn 2...
Execute         transform -hls -keep-callgraph -scalarrepl -mem2reg -port-alignment -attach-range -dce -pipe-mux-gen -indvars -loop-bound -inst-simplify -instcombine -dce -merge-array-access -mem2reg -dce -clean-region -mergereturn -if-conv -instcombine -dce -constprop -basicaa -aggr-aa -aggrmodref-aa -aggr-aa -gvn -gvn -basicaa -aggr-aa -aggrmodref-aa -aggr-aa -dse -adse -adce -scalarrepl -mem2reg -global-constprop -deadargelim -deadargelim -instcombine -dce -simplifycfg -ptrArgReplace -mem2reg -function-inline -globaldce -mem2reg -instcombine -dce -expr-balance -instcombine -dce -bitwidthmin2 -bitwidthmin2 -interface-preproc -directive-preproc -inst-rectify -instcombine -dce -functionattrs -constprop -instcombine -bit-constprop -simplify-global-access -globalopt -globaldce -inst-simplify -instcombine -elimdeaddata -dce -loop-delete -simplifycfg -loop-simplify -auto-burst -barrier -norm-name /home/jonas/SDU/1_semester/embedded_systems/Projekts/HLSVitis/Project/Inverter/solution1/.autopilot/db/a.o.1.tmp.bc -o /home/jonas/SDU/1_semester/embedded_systems/Projekts/HLSVitis/Project/Inverter/solution1/.autopilot/db/a.o.2.bc -f -phase presyn 
INFO: [HLS 200-111] Finished Loop, function and other optimizations: CPU user time: 0.21 seconds. CPU system time: 0.02 seconds. Elapsed time: 0.25 seconds; current allocated memory: 215.284 MB.
Execute         get_config_compile -enable_loop_extract 
Execute         get_config_compile -disable_auto_rewind 
Execute         get_config_compile -enable_auto_rewind 
INFO-FLOW: Building ssdm...
Execute         transform -hls -function-uniquify -auto-function-inline -globaldce -ptrArgReplace -mem2reg -dce -reset-lda -loop-simplify -indvars -aggr-aa -licm -loop-dep -loop-bound -licm -loop-simplify -flattenloopnest -array-flatten -gvn -instcombine -dce -array-map -dce -func-legal -gvn -adce -instcombine -cfgopt -simplifycfg -loop-simplify -array-burst -promote-global-argument -dce -array-seg-normalize -basicaa -aggrmodref-aa -globalsmodref-aa -aggr-aa -gvn -gvn -basicaa -aggrmodref-aa -globalsmodref-aa -aggr-aa -dse -adse -adce -licm -inst-simplify -dce -globaldce -instcombine -array-stream -eliminate-keepreads -instcombine -dce -deadargelim -doublePtrSimplify -doublePtrElim -dce -doublePtrSimplify -promote-dbg-pointer -dce -scalarrepl -mem2reg -disaggr -norm-name -mem2reg -instcombine -dse -adse -adce -ptrLegalization -dce -auto-rom-infer -array-flatten -dce -instcombine -check-doubleptr -loop-rot -constprop -cfgopt -simplifycfg -loop-simplify -indvars -pointer-simplify -dce -loop-bound -loop-simplify -loop-preproc -constprop -global-constprop -gvn -mem2reg -instcombine -dce -loop-bound -loop-merge -dce -bitwidthmin2 -bitwidthmin2 -deadargelim -dce -canonicalize-dataflow -dce -scalar-propagation -deadargelim -globaldce -mem2reg -read-loop-dep -interface-preproc -directive-preproc -interface-gen -bram-byte-enable -deadargelim -inst-simplify -dce -gvn -mem2reg -instcombine -dce -adse -loop-bound -instcombine -cfgopt -simplifycfg -loop-simplify -clean-region -io-protocol -find-region -mem2reg -bitop-raise -complex-op-raise -inst-simplify -inst-rectify -instcombine -adce -deadargelim -loop-simplify -phi-opt -bitop-raise -cfgopt -simplifycfg -strip-dead-prototypes -interface-lower -bitop-lower -intrinsic-lower -auto-function-inline -basicaa -aggrmodref-aa -globalsmodref-aa -aggr-aa -inst-simplify -simplifycfg -loop-simplify -mergereturn -inst-simplify -inst-rectify -dce -load-elim -bitop-lower -float-op-raise -loop-rewind -pointer-simplify -dce -cfgopt -dce -loop-bound -loop-dep -read-loop-dep -dce -dyn-mem-reuse -dce -check-stream -norm-name -legalize -validate-dataflow -inst-clarity -bitwidth -dump-loop-dep-to-ir -check-all-ssdm -cdfg-build /home/jonas/SDU/1_semester/embedded_systems/Projekts/HLSVitis/Project/Inverter/solution1/.autopilot/db/a.o.2.bc -o /home/jonas/SDU/1_semester/embedded_systems/Projekts/HLSVitis/Project/Inverter/solution1/.autopilot/db/a.o.3.bc -f -phase build-ssdm 
INFO: [HLS 200-472] Inferring partial write operation for 'out_r' (../inverter_hls.cpp:16:18)
Command         transform done; 0.14 sec.
INFO: [HLS 200-111] Finished Architecture Synthesis: CPU user time: 0.14 seconds. CPU system time: 0 seconds. Elapsed time: 0.15 seconds; current allocated memory: 207.468 MB.
INFO-FLOW: Finish building internal data model.
Command       opt_and_import_c done; 0.47 sec.
Command     elaborate done; 9.92 sec.
Execute     autosyn -from_csynth_design=1 
INFO: [HLS 200-10] Starting hardware synthesis ...
INFO-FLOW: Synthesizing C/C++ design ...
INFO: [HLS 200-10] Synthesizing 'inverter' ...
Execute       ap_set_top_model inverter 
Execute       get_model_list inverter -filter all-wo-channel -topdown 
Execute       preproc_iomode -model inverter 
Execute       get_model_list inverter -filter all-wo-channel 
INFO-FLOW: Model list for configure: inverter
INFO-FLOW: Configuring Module : inverter ...
Execute       set_default_model inverter 
Execute       apply_spec_resource_limit inverter 
INFO-FLOW: Model list for preprocess: inverter
INFO-FLOW: Preprocessing Module: inverter ...
Execute       set_default_model inverter 
Execute       cdfg_preprocess -model inverter 
Execute       rtl_gen_preprocess inverter 
INFO-FLOW: Model list for synthesis: inverter
INFO: [HLS 200-10] ----------------------------------------------------------------
INFO: [HLS 200-42] -- Implementing module 'inverter' 
INFO: [HLS 200-10] ----------------------------------------------------------------
Execute       set_default_model inverter 
Execute       schedule -model inverter 
INFO: [SCHED 204-11] Starting scheduling ...
INFO: [SCHED 204-61] Pipelining loop 'VITIS_LOOP_14_1'.
INFO: [HLS 200-1470] Pipelining result : Target II = 1, Final II = 1, Depth = 2, loop 'VITIS_LOOP_14_1'
INFO: [SCHED 204-11] Finished scheduling.
Command       schedule done; 0.12 sec.
INFO: [HLS 200-111] Finished Scheduling: CPU user time: 0.12 seconds. CPU system time: 0.02 seconds. Elapsed time: 0.14 seconds; current allocated memory: 207.747 MB.
Execute       syn_report -verbosereport -o /home/jonas/SDU/1_semester/embedded_systems/Projekts/HLSVitis/Project/Inverter/solution1/.autopilot/db/inverter.verbose.sched.rpt 
Execute         AP::get_flow_target_display_name
Execute           get_solution -flow_target 
Execute       db_write -o /home/jonas/SDU/1_semester/embedded_systems/Projekts/HLSVitis/Project/Inverter/solution1/.autopilot/db/inverter.sched.adb -f 
INFO-FLOW: Finish scheduling inverter.
Execute       set_default_model inverter 
Execute       bind -model inverter 
INFO: [BIND 205-100] Starting micro-architecture generation ...
INFO: [BIND 205-101] Performing variable lifetime analysis.
INFO: [BIND 205-101] Exploring resource sharing.
INFO: [BIND 205-101] Binding ...
INFO: [BIND 205-100] Finished micro-architecture generation.
INFO: [HLS 200-111] Finished Binding: CPU user time: 0.11 seconds. CPU system time: 0 seconds. Elapsed time: 0.12 seconds; current allocated memory: 207.902 MB.
Execute       syn_report -verbosereport -o /home/jonas/SDU/1_semester/embedded_systems/Projekts/HLSVitis/Project/Inverter/solution1/.autopilot/db/inverter.verbose.bind.rpt 
Execute         AP::get_flow_target_display_name
Execute           get_solution -flow_target 
Execute       db_write -o /home/jonas/SDU/1_semester/embedded_systems/Projekts/HLSVitis/Project/Inverter/solution1/.autopilot/db/inverter.bind.adb -f 
INFO-FLOW: Finish binding inverter.
Execute       get_model_list inverter -filter all-wo-channel 
INFO-FLOW: Preprocessing for RTLGen ...
Execute       rtl_gen_preprocess inverter 
INFO-FLOW: Model list for RTL generation: inverter
INFO: [HLS 200-10] ----------------------------------------------------------------
INFO: [HLS 200-10] -- Generating RTL for module 'inverter' 
INFO: [HLS 200-10] ----------------------------------------------------------------
Execute       get_config_rtl -module_prefix 
Execute       get_config_rtl -module_prefix 
Execute       get_config_rtl -module_auto_prefix 
Execute       create_rtl_model inverter -top_prefix  -sub_prefix inverter_ -mg_file /home/jonas/SDU/1_semester/embedded_systems/Projekts/HLSVitis/Project/Inverter/solution1/.autopilot/db/inverter.compgen.tcl 
WARNING: [RTGEN 206-101] Design contains AXI ports. Reset is fixed to synchronous and active low.
INFO: [RTGEN 206-500] Setting interface mode on port 'inverter/in_r' to 'bram'.
INFO: [RTGEN 206-500] Setting interface mode on port 'inverter/out_r' to 'bram'.
INFO: [RTGEN 206-500] Setting interface mode on function 'inverter' to 's_axilite & ap_ctrl_hs'.
INFO: [RTGEN 206-100] Bundling port 'return' to AXI-Lite port AXI_CPU.
WARNING: [RTGEN 206-101] Setting dangling out port 'inverter/in_r_WEN_A' to 0.
WARNING: [RTGEN 206-101] Setting dangling out port 'inverter/in_r_Din_A' to 0.
INFO: [RTGEN 206-100] Finished creating RTL model for 'inverter'.
INFO: [HLS 200-111] Finished Creating RTL model: CPU user time: 0.08 seconds. CPU system time: 0 seconds. Elapsed time: 0.08 seconds; current allocated memory: 208.362 MB.
Execute       source /home/jonas/SDU/1_semester/embedded_systems/Projekts/HLSVitis/Project/Inverter/solution1/.autopilot/db/inverter.rtl_wrap.cfg.tcl 
Execute       gen_rtl inverter -istop -style xilinx -f -lang vhdl -o /home/jonas/SDU/1_semester/embedded_systems/Projekts/HLSVitis/Project/Inverter/solution1/syn/vhdl/inverter 
Execute       gen_rtl inverter -istop -style xilinx -f -lang vlog -o /home/jonas/SDU/1_semester/embedded_systems/Projekts/HLSVitis/Project/Inverter/solution1/syn/verilog/inverter 
Execute       syn_report -csynth -model inverter -o /home/jonas/SDU/1_semester/embedded_systems/Projekts/HLSVitis/Project/Inverter/solution1/syn/report/inverter_csynth.rpt 
Execute         AP::get_flow_target_display_name
Execute           get_solution -flow_target 
Execute       syn_report -rtlxml -model inverter -o /home/jonas/SDU/1_semester/embedded_systems/Projekts/HLSVitis/Project/Inverter/solution1/syn/report/inverter_csynth.xml 
Execute         get_solution -flow_target
Execute           get_solution -flow_target 
Execute       syn_report -verbosereport -model inverter -o /home/jonas/SDU/1_semester/embedded_systems/Projekts/HLSVitis/Project/Inverter/solution1/.autopilot/db/inverter.verbose.rpt 
Execute         AP::get_flow_target_display_name
Execute           get_solution -flow_target 
Execute       db_write -model inverter -f -o /home/jonas/SDU/1_semester/embedded_systems/Projekts/HLSVitis/Project/Inverter/solution1/.autopilot/db/inverter.adb 
Execute       gen_tb_info inverter -p /home/jonas/SDU/1_semester/embedded_systems/Projekts/HLSVitis/Project/Inverter/solution1/.autopilot/db -o /home/jonas/SDU/1_semester/embedded_systems/Projekts/HLSVitis/Project/Inverter/solution1/.autopilot/db/inverter 
Execute       export_constraint_db -f -tool general -o /home/jonas/SDU/1_semester/embedded_systems/Projekts/HLSVitis/Project/Inverter/solution1/.autopilot/db/inverter.constraint.tcl 
Execute       syn_report -designview -model inverter -o /home/jonas/SDU/1_semester/embedded_systems/Projekts/HLSVitis/Project/Inverter/solution1/.autopilot/db/inverter.design.xml 
Execute       syn_report -csynthDesign -model inverter -o /home/jonas/SDU/1_semester/embedded_systems/Projekts/HLSVitis/Project/Inverter/solution1/syn/report/csynth.rpt 
Execute         AP::get_flow_target_display_name
Execute           get_solution -flow_target 
Execute       get_config_rtl -disable_wave_debug 
Execute       syn_report -wcfg -model inverter -o /home/jonas/SDU/1_semester/embedded_systems/Projekts/HLSVitis/Project/Inverter/solution1/.autopilot/db/inverter_dataflow_ana.wcfg 
Execute       syn_report -protoinst -model inverter -o /home/jonas/SDU/1_semester/embedded_systems/Projekts/HLSVitis/Project/Inverter/solution1/.autopilot/db/inverter.protoinst 
Execute       get_config_debug -directory 
Execute       sc_get_clocks inverter 
Execute       get_config_export -vivado_clock 
Execute       get_config_rtl -module_prefix 
Execute       get_config_rtl -module_prefix 
Execute       get_config_rtl -module_auto_prefix 
Execute       sc_get_portdomain inverter 
INFO-FLOW: Model list for RTL component generation: inverter
INFO-FLOW: Handling components in module [inverter] ... 
Execute       source /home/jonas/SDU/1_semester/embedded_systems/Projekts/HLSVitis/Project/Inverter/solution1/.autopilot/db/inverter.compgen.tcl 
INFO-FLOW: Found component inverter_AXI_CPU_s_axi.
INFO-FLOW: Append model inverter_AXI_CPU_s_axi
INFO-FLOW: Append model inverter
INFO-FLOW: Generating RTL model list ...
INFO-FLOW: All models in this session: inverter_AXI_CPU_s_axi inverter
INFO-FLOW: To file: write model inverter_AXI_CPU_s_axi
INFO-FLOW: To file: write model inverter
INFO-FLOW: Finished generating RTL model list.


INFO-FLOW: RTL Generation done.
INFO-FLOW: CAS Generation done.
INFO-FLOW: CBC Generation done.
Execute       get_top 
Execute       get_config_export -ipname 
Execute       get_config_export -xo 
Execute       get_config_export -format 
Execute       get_config_rtl -module_auto_prefix 
INFO-FLOW: DBG:CMD:   auto_impl: set ipname to top (module_auto_prefix): inverter
INFO-FLOW: DBG:CMD: auto_generate_csynth_design
INFO-FLOW: DBG:CMD:     auto_generate --sim-model -phase csynth_design -d /home/jonas/SDU/1_semester/embedded_systems/Projekts/HLSVitis/Project/Inverter/solution1
Execute       get_solution -flow_target 
Execute       get_config_export -xo 
Execute       get_config_export -format 
Execute       source /home/jonas/SDU/1_semester/embedded_systems/Projekts/HLSVitis/Project/Inverter/solution1/.autopilot/db/global.setting.tcl 
INFO-FLOW: DBG:CMD: read_platform_lib /home/jonas/SDU/1_semester/embedded_systems/Projekts/HLSVitis/Project/Inverter/solution1/.autopilot/db/global.setting.tcl
Execute       source /home/jonas/tools/Xilinx/Vitis_HLS/2020.2/common/technology/generic/autopilot/common.gen 
Execute         source /home/jonas/tools/Xilinx/Vitis_HLS/2020.2/common/technology/generic/autopilot/APCoreGen.gen 
Execute       source /home/jonas/tools/Xilinx/Vitis_HLS/2020.2/common/technology/generic/autopilot/op.gen 
Execute       source /home/jonas/tools/Xilinx/Vitis_HLS/2020.2/common/technology/generic/autopilot/op_simcore.gen 
Execute       source /home/jonas/tools/Xilinx/Vitis_HLS/2020.2/common/technology/generic/autopilot/interface.gen 
Execute       source /home/jonas/SDU/1_semester/embedded_systems/Projekts/HLSVitis/Project/Inverter/solution1/.autopilot/db/global.setting.tcl 
Execute       source /home/jonas/tools/Xilinx/Vitis_HLS/2020.2/common/technology/xilinx/common/xilinx.gen 
Execute         source /home/jonas/tools/Xilinx/Vitis_HLS/2020.2/common/technology/xilinx/interface/plb46.gen 
Execute         source /home/jonas/tools/Xilinx/Vitis_HLS/2020.2/common/technology/xilinx/interface/axi4.gen 
Execute         source /home/jonas/tools/Xilinx/Vitis_HLS/2020.2/common/technology/xilinx/interface/nativeAXI4.gen 
Execute           source /home/jonas/tools/Xilinx/Vitis_HLS/2020.2/common/technology/xilinx/interface/saxilite.gen 
Execute           source /home/jonas/tools/Xilinx/Vitis_HLS/2020.2/common/technology/xilinx/interface/maxi.gen 
Execute         source /home/jonas/tools/Xilinx/Vitis_HLS/2020.2/common/technology/xilinx/scripts/xilinxcoregen.gen 
Execute         source /home/jonas/tools/Xilinx/Vitis_HLS/2020.2/common/technology/xilinx/interface/XilEDKCoreGen.gen 
Execute         source /home/jonas/tools/Xilinx/Vitis_HLS/2020.2/common/technology/xilinx/ip/dds_compiler.gen 
Execute         source /home/jonas/tools/Xilinx/Vitis_HLS/2020.2/common/technology/xilinx/ip/util.gen 
Execute         source /home/jonas/tools/Xilinx/Vitis_HLS/2020.2/common/technology/xilinx/ip/xfft.gen 
Command         ap_source done; 0.19 sec.
Execute         source /home/jonas/tools/Xilinx/Vitis_HLS/2020.2/common/technology/xilinx/ip/xfir.gen 
Execute         source /home/jonas/tools/Xilinx/Vitis_HLS/2020.2/common/technology/xilinx/DSP48/dsp48.gen 
Command       ap_source done; 0.27 sec.
Execute       source /home/jonas/tools/Xilinx/Vitis_HLS/2020.2/common/technology/xilinx/common/xilinx.gen 
Execute         source /home/jonas/tools/Xilinx/Vitis_HLS/2020.2/common/technology/xilinx/interface/plb46.gen 
Execute         source /home/jonas/tools/Xilinx/Vitis_HLS/2020.2/common/technology/xilinx/interface/axi4.gen 
Execute         source /home/jonas/tools/Xilinx/Vitis_HLS/2020.2/common/technology/xilinx/interface/nativeAXI4.gen 
Execute           source /home/jonas/tools/Xilinx/Vitis_HLS/2020.2/common/technology/xilinx/interface/saxilite.gen 
Execute           source /home/jonas/tools/Xilinx/Vitis_HLS/2020.2/common/technology/xilinx/interface/maxi.gen 
Execute         source /home/jonas/tools/Xilinx/Vitis_HLS/2020.2/common/technology/xilinx/scripts/xilinxcoregen.gen 
Execute         source /home/jonas/tools/Xilinx/Vitis_HLS/2020.2/common/technology/xilinx/interface/XilEDKCoreGen.gen 
Execute         source /home/jonas/tools/Xilinx/Vitis_HLS/2020.2/common/technology/xilinx/ip/dds_compiler.gen 
Execute         source /home/jonas/tools/Xilinx/Vitis_HLS/2020.2/common/technology/xilinx/ip/util.gen 
Execute         source /home/jonas/tools/Xilinx/Vitis_HLS/2020.2/common/technology/xilinx/ip/xfft.gen 
Command         ap_source done; 0.2 sec.
Execute         source /home/jonas/tools/Xilinx/Vitis_HLS/2020.2/common/technology/xilinx/ip/xfir.gen 
Execute         source /home/jonas/tools/Xilinx/Vitis_HLS/2020.2/common/technology/xilinx/DSP48/dsp48.gen 
Command       ap_source done; 0.28 sec.
INFO-FLOW: DBG:CMD:   using AESL_AUTOCG::g_clock_period=10.000 (was NA)
INFO-FLOW: DBG:CMD:       generate_ip_cores sim=1 export=0 expOnly=0 dstVlogDir=syn/verilog
Execute       source /home/jonas/SDU/1_semester/embedded_systems/Projekts/HLSVitis/Project/Inverter/solution1/.autopilot/db/global.setting.tcl 
Execute       ap_part_info -name xczu3eg-sbva484-1-e -data names -quiet 
Execute       ap_part_info -name xczu3eg-sbva484-1-e -data info -quiet 
Execute       source /home/jonas/SDU/1_semester/embedded_systems/Projekts/HLSVitis/Project/Inverter/solution1/.autopilot/db/global.setting.tcl 
Execute       source /home/jonas/SDU/1_semester/embedded_systems/Projekts/HLSVitis/Project/Inverter/solution1/.autopilot/db/global.setting.tcl 
Execute       source /home/jonas/SDU/1_semester/embedded_systems/Projekts/HLSVitis/Project/Inverter/solution1/.autopilot/db/inverter.compgen.tcl 
Execute         source ./AXI_CPU.slave.tcl 
INFO-FLOW: DBG:CMD:     auto_generate -export -impltomg_flag -rtl both -tool Vivado -pcore_version 1.00.a -phase csynth_design -d /home/jonas/SDU/1_semester/embedded_systems/Projekts/HLSVitis/Project/Inverter/solution1
Execute       get_solution -flow_target 
Execute       get_config_export -xo 
Execute       get_config_export -format 
Execute       source /home/jonas/SDU/1_semester/embedded_systems/Projekts/HLSVitis/Project/Inverter/solution1/.autopilot/db/global.setting.tcl 
INFO-FLOW: DBG:CMD: read_platform_lib /home/jonas/SDU/1_semester/embedded_systems/Projekts/HLSVitis/Project/Inverter/solution1/.autopilot/db/global.setting.tcl
Execute       source /home/jonas/tools/Xilinx/Vitis_HLS/2020.2/common/technology/generic/autopilot/common.gen 
Execute         source /home/jonas/tools/Xilinx/Vitis_HLS/2020.2/common/technology/generic/autopilot/APCoreGen.gen 
Execute       source /home/jonas/tools/Xilinx/Vitis_HLS/2020.2/common/technology/generic/autopilot/op.gen 
Execute       source /home/jonas/tools/Xilinx/Vitis_HLS/2020.2/common/technology/generic/autopilot/op_simcore.gen 
Execute       source /home/jonas/tools/Xilinx/Vitis_HLS/2020.2/common/technology/generic/autopilot/interface.gen 
Execute       source /home/jonas/SDU/1_semester/embedded_systems/Projekts/HLSVitis/Project/Inverter/solution1/.autopilot/db/global.setting.tcl 
Execute       source /home/jonas/tools/Xilinx/Vitis_HLS/2020.2/common/technology/xilinx/common/xilinx.gen 
Execute         source /home/jonas/tools/Xilinx/Vitis_HLS/2020.2/common/technology/xilinx/interface/plb46.gen 
Execute         source /home/jonas/tools/Xilinx/Vitis_HLS/2020.2/common/technology/xilinx/interface/axi4.gen 
Execute         source /home/jonas/tools/Xilinx/Vitis_HLS/2020.2/common/technology/xilinx/interface/nativeAXI4.gen 
Execute           source /home/jonas/tools/Xilinx/Vitis_HLS/2020.2/common/technology/xilinx/interface/saxilite.gen 
Execute           source /home/jonas/tools/Xilinx/Vitis_HLS/2020.2/common/technology/xilinx/interface/maxi.gen 
Execute         source /home/jonas/tools/Xilinx/Vitis_HLS/2020.2/common/technology/xilinx/scripts/xilinxcoregen.gen 
Execute         source /home/jonas/tools/Xilinx/Vitis_HLS/2020.2/common/technology/xilinx/interface/XilEDKCoreGen.gen 
Execute         source /home/jonas/tools/Xilinx/Vitis_HLS/2020.2/common/technology/xilinx/ip/dds_compiler.gen 
Execute         source /home/jonas/tools/Xilinx/Vitis_HLS/2020.2/common/technology/xilinx/ip/util.gen 
Execute         source /home/jonas/tools/Xilinx/Vitis_HLS/2020.2/common/technology/xilinx/ip/xfft.gen 
Command         ap_source done; 0.24 sec.
Execute         source /home/jonas/tools/Xilinx/Vitis_HLS/2020.2/common/technology/xilinx/ip/xfir.gen 
Execute         source /home/jonas/tools/Xilinx/Vitis_HLS/2020.2/common/technology/xilinx/DSP48/dsp48.gen 
Command       ap_source done; 0.32 sec.
Execute       source /home/jonas/tools/Xilinx/Vitis_HLS/2020.2/common/technology/xilinx/common/xilinx.gen 
Execute         source /home/jonas/tools/Xilinx/Vitis_HLS/2020.2/common/technology/xilinx/interface/plb46.gen 
Execute         source /home/jonas/tools/Xilinx/Vitis_HLS/2020.2/common/technology/xilinx/interface/axi4.gen 
Execute         source /home/jonas/tools/Xilinx/Vitis_HLS/2020.2/common/technology/xilinx/interface/nativeAXI4.gen 
Execute           source /home/jonas/tools/Xilinx/Vitis_HLS/2020.2/common/technology/xilinx/interface/saxilite.gen 
Execute           source /home/jonas/tools/Xilinx/Vitis_HLS/2020.2/common/technology/xilinx/interface/maxi.gen 
Execute         source /home/jonas/tools/Xilinx/Vitis_HLS/2020.2/common/technology/xilinx/scripts/xilinxcoregen.gen 
Execute         source /home/jonas/tools/Xilinx/Vitis_HLS/2020.2/common/technology/xilinx/interface/XilEDKCoreGen.gen 
Execute         source /home/jonas/tools/Xilinx/Vitis_HLS/2020.2/common/technology/xilinx/ip/dds_compiler.gen 
Execute         source /home/jonas/tools/Xilinx/Vitis_HLS/2020.2/common/technology/xilinx/ip/util.gen 
Execute         source /home/jonas/tools/Xilinx/Vitis_HLS/2020.2/common/technology/xilinx/ip/xfft.gen 
Command         ap_source done; 0.19 sec.
Execute         source /home/jonas/tools/Xilinx/Vitis_HLS/2020.2/common/technology/xilinx/ip/xfir.gen 
Execute         source /home/jonas/tools/Xilinx/Vitis_HLS/2020.2/common/technology/xilinx/DSP48/dsp48.gen 
Command       ap_source done; 0.28 sec.
INFO-FLOW: DBG:CMD:       initCTypeInfo top_module=inverter xml_exists=0
Execute       source /home/jonas/SDU/1_semester/embedded_systems/Projekts/HLSVitis/Project/Inverter/solution1/.autopilot/db/inverter.rtl_wrap.cfg.tcl 
Execute       source /home/jonas/SDU/1_semester/embedded_systems/Projekts/HLSVitis/Project/Inverter/solution1/.autopilot/db/inverter.rtl_wrap.cfg.tcl 
Execute       source /home/jonas/SDU/1_semester/embedded_systems/Projekts/HLSVitis/Project/Inverter/solution1/.autopilot/db/inverter.rtl_wrap.cfg.tcl 
Execute       source /home/jonas/SDU/1_semester/embedded_systems/Projekts/HLSVitis/Project/Inverter/solution1/.autopilot/db/inverter.tbgen.tcl 
Execute       source /home/jonas/SDU/1_semester/embedded_systems/Projekts/HLSVitis/Project/Inverter/solution1/.autopilot/db/inverter.tbgen.tcl 
INFO-FLOW: DBG:CMD:       export_impl_rtl
INFO-FLOW: DBG:CMD:       generate_ip_cores sim=0 export=0 expOnly=0 dstVlogDir=impl/.verilog
Execute       source /home/jonas/SDU/1_semester/embedded_systems/Projekts/HLSVitis/Project/Inverter/solution1/.autopilot/db/global.setting.tcl 
Execute       source /home/jonas/SDU/1_semester/embedded_systems/Projekts/HLSVitis/Project/Inverter/solution1/.autopilot/db/inverter.compgen.tcl 
INFO-FLOW: DBG:CMD:       generate_ip_cores sim=0 export=1 expOnly=1 dstVlogDir=impl/.pcores/verilog
Execute       source /home/jonas/SDU/1_semester/embedded_systems/Projekts/HLSVitis/Project/Inverter/solution1/.autopilot/db/global.setting.tcl 
Execute       source /home/jonas/SDU/1_semester/embedded_systems/Projekts/HLSVitis/Project/Inverter/solution1/.autopilot/db/inverter.compgen.tcl 
Execute         ap_part_info -name xczu3eg-sbva484-1-e -data names -quiet 
Execute         ap_part_info -name xczu3eg-sbva484-1-e -data info -quiet 
Execute         ap_part_info -name xczu3eg-sbva484-1-e -data names -quiet 
Execute         ap_part_info -name xczu3eg-sbva484-1-e -data info -quiet 
Execute         ap_part_info -name xczu3eg-sbva484-1-e -data names -quiet 
Execute         ap_part_info -name xczu3eg-sbva484-1-e -data info -quiet 
Execute         ap_part_info -name xczu3eg-sbva484-1-e -data names -quiet 
Execute         ap_part_info -name xczu3eg-sbva484-1-e -data info -quiet 
Execute         ap_part_info -name xczu3eg-sbva484-1-e -data names -quiet 
Execute         ap_part_info -name xczu3eg-sbva484-1-e -data info -quiet 
Execute         ap_part_info -name xczu3eg-sbva484-1-e -data names -quiet 
Execute         ap_part_info -name xczu3eg-sbva484-1-e -data info -quiet 
Command       ap_source done; 0.4 sec.
Execute       ap_part_info -name xczu3eg-sbva484-1-e -data names -quiet 
Execute       ap_part_info -name xczu3eg-sbva484-1-e -data info -quiet 
INFO-FLOW: DBG:CMD:       generate_ip_cores sim=0 export=0 expOnly=0 dstVlogDir=impl/.pcores/verilog_sim
Execute       source /home/jonas/SDU/1_semester/embedded_systems/Projekts/HLSVitis/Project/Inverter/solution1/.autopilot/db/global.setting.tcl 
Execute       source /home/jonas/SDU/1_semester/embedded_systems/Projekts/HLSVitis/Project/Inverter/solution1/.autopilot/db/inverter.compgen.tcl 
Execute       ap_part_info -name xczu3eg-sbva484-1-e -data names -quiet 
Execute       ap_part_info -name xczu3eg-sbva484-1-e -data info -quiet 
Execute       ap_part_info -name xczu3eg-sbva484-1-e -data names -quiet 
Execute       ap_part_info -name xczu3eg-sbva484-1-e -data info -quiet 
Execute       source /home/jonas/SDU/1_semester/embedded_systems/Projekts/HLSVitis/Project/Inverter/solution1/.autopilot/db/global.setting.tcl 
Execute       ap_part_info -name xczu3eg-sbva484-1-e -data names -quiet 
Execute       ap_part_info -name xczu3eg-sbva484-1-e -data info -quiet 
Execute       source /home/jonas/SDU/1_semester/embedded_systems/Projekts/HLSVitis/Project/Inverter/solution1/.autopilot/db/inverter.constraint.tcl 
Execute       source /home/jonas/SDU/1_semester/embedded_systems/Projekts/HLSVitis/Project/Inverter/solution1/.autopilot/db/inverter.tbgen.tcl 
INFO-FLOW: DBG:CMD:       hasPcoreIpAdapter=false #gSsdmPorts=0
INFO-FLOW: DBG:CMD: Skipping loadAnalyze_DB, #g_database=2
INFO-FLOW: DBG:CMD:       generate_json is_phase_csynth=1 g_has_adaptors=false generate_bd_files=0 #modelList=2 #gSsdmPorts=0
Execute       source /home/jonas/tools/Xilinx/Vitis_HLS/2020.2/tps/tcl/tcllib1.11.1/fileutil/fileutil.tcl 
Execute       source /home/jonas/SDU/1_semester/embedded_systems/Projekts/HLSVitis/Project/Inverter/solution1/.autopilot/db/global.setting.tcl 
Execute       source /home/jonas/SDU/1_semester/embedded_systems/Projekts/HLSVitis/Project/Inverter/solution1/.autopilot/db/global.setting.tcl 
Execute       source /home/jonas/SDU/1_semester/embedded_systems/Projekts/HLSVitis/Project/Inverter/solution1/.autopilot/db/top-io-be.tcl 
Execute       source /home/jonas/SDU/1_semester/embedded_systems/Projekts/HLSVitis/Project/Inverter/solution1/.autopilot/db/inverter.tbgen.tcl 
Execute       source /home/jonas/SDU/1_semester/embedded_systems/Projekts/HLSVitis/Project/Inverter/solution1/.autopilot/db/inverter.compgen.dataonly.tcl 
Execute       source /home/jonas/SDU/1_semester/embedded_systems/Projekts/HLSVitis/Project/Inverter/solution1/.autopilot/db/inverter.compgen.dataonly.tcl 
Execute       source /home/jonas/SDU/1_semester/embedded_systems/Projekts/HLSVitis/Project/Inverter/solution1/.autopilot/db/inverter.rtl_wrap.cfg.tcl 
Execute       source /home/jonas/SDU/1_semester/embedded_systems/Projekts/HLSVitis/Project/Inverter/solution1/.autopilot/db/inverter.compgen.dataonly.tcl 
Execute       get_config_export -format 
Execute       ap_part_info -name xczu3eg-sbva484-1-e -data names -quiet 
Execute       ap_part_info -name xczu3eg-sbva484-1-e -data info -quiet 
Execute       source /home/jonas/SDU/1_semester/embedded_systems/Projekts/HLSVitis/Project/Inverter/solution1/.autopilot/db/inverter.tbgen.tcl 
Execute       source /home/jonas/SDU/1_semester/embedded_systems/Projekts/HLSVitis/Project/Inverter/solution1/.autopilot/db/global.setting.tcl 
Execute       ap_part_info -name xczu3eg-sbva484-1-e -data names -quiet 
Execute       ap_part_info -name xczu3eg-sbva484-1-e -data info -quiet 
Execute       get_solution -flow_target 
Execute       get_config_rtl -kernel_profile 
Execute       get_config_rtl -kernel_profile 
Execute       get_config_rtl -stall_sig_gen 
Execute       get_config_rtl -profile 
Execute       source /home/jonas/SDU/1_semester/embedded_systems/Projekts/HLSVitis/Project/Inverter/solution1/.autopilot/db/inverter.constraint.tcl 
Execute       sc_get_clocks inverter 
Execute       source /home/jonas/SDU/1_semester/embedded_systems/Projekts/HLSVitis/Project/Inverter/solution1/.autopilot/db/global.setting.tcl 
Execute       get_config_debug -directory 
INFO-FLOW: DBG:CMD:       delete-temp-dirs (skipped for debug)
INFO: [HLS 200-111] Finished Generating all RTL models: CPU user time: 2.62 seconds. CPU system time: 0.07 seconds. Elapsed time: 2.7 seconds; current allocated memory: 215.876 MB.
INFO: [VHDL 208-304] Generating VHDL RTL for inverter.
INFO: [VLOG 209-307] Generating Verilog RTL for inverter.
INFO-FLOW: DBG:CMD:       update_csynth_xml_report append design.xml content design_xml=/home/jonas/SDU/1_semester/embedded_systems/Projekts/HLSVitis/Project/Inverter/solution1/.autopilot/db/inverter.design.xml
INFO-FLOW: DBG:CMD:       update_csynth_xml_report json2reportxml
INFO-FLOW: DBG:CMD:       update_csynth_xml_report done
Execute       syn_report -model inverter -printsummary 
INFO: [HLS 200-790] **** Loop Constraint Status: All loop constraints were satisfied.
INFO: [HLS 200-789] **** Estimated Fmax: 255.95 MHz
Command     autosyn done; 3.29 sec.
Command   csynth_design done; 13.22 sec.
INFO: [HLS 200-111] Finished Command csynth_design CPU user time: 12.15 seconds. CPU system time: 0.95 seconds. Elapsed time: 13.22 seconds; current allocated memory: 216.190 MB.
Command ap_source done; 19.56 sec.
Execute cleanup_all 
